{"/Users/joe/Desktop/Projects/Greek-Pay-Ios/Greek-Pay-IOS/hooks/useAuth.tsx": {"path":"/Users/joe/Desktop/Projects/Greek-Pay-Ios/Greek-Pay-IOS/hooks/useAuth.tsx","statementMap":{"0":{"start":{"line":20,"column":20},"end":{"line":20,"column":73}},"1":{"start":{"line":22,"column":23},"end":{"line":28,"column":1}},"2":{"start":{"line":23,"column":18},"end":{"line":23,"column":41}},"3":{"start":{"line":24,"column":2},"end":{"line":26,"column":3}},"4":{"start":{"line":25,"column":4},"end":{"line":25,"column":67}},"5":{"start":{"line":27,"column":2},"end":{"line":27,"column":17}},"6":{"start":{"line":34,"column":57},"end":{"line":198,"column":1}},"7":{"start":{"line":35,"column":26},"end":{"line":35,"column":53}},"8":{"start":{"line":36,"column":32},"end":{"line":36,"column":66}},"9":{"start":{"line":37,"column":32},"end":{"line":37,"column":62}},"10":{"start":{"line":38,"column":36},"end":{"line":38,"column":50}},"11":{"start":{"line":40,"column":26},"end":{"line":40,"column":32}},"12":{"start":{"line":42,"column":2},"end":{"line":60,"column":9}},"13":{"start":{"line":43,"column":4},"end":{"line":43,"column":21}},"14":{"start":{"line":45,"column":39},"end":{"line":55,"column":6}},"15":{"start":{"line":46,"column":6},"end":{"line":46,"column":26}},"16":{"start":{"line":47,"column":6},"end":{"line":47,"column":37}},"17":{"start":{"line":49,"column":6},"end":{"line":53,"column":7}},"18":{"start":{"line":50,"column":8},"end":{"line":50,"column":47}},"19":{"start":{"line":52,"column":8},"end":{"line":52,"column":25}},"20":{"start":{"line":54,"column":6},"end":{"line":54,"column":26}},"21":{"start":{"line":57,"column":4},"end":{"line":59,"column":6}},"22":{"start":{"line":58,"column":6},"end":{"line":58,"column":34}},"23":{"start":{"line":62,"column":25},"end":{"line":78,"column":3}},"24":{"start":{"line":63,"column":4},"end":{"line":77,"column":5}},"25":{"start":{"line":64,"column":6},"end":{"line":64,"column":25}},"26":{"start":{"line":65,"column":36},"end":{"line":65,"column":68}},"27":{"start":{"line":67,"column":6},"end":{"line":67,"column":26}},"28":{"start":{"line":68,"column":6},"end":{"line":68,"column":37}},"29":{"start":{"line":70,"column":6},"end":{"line":72,"column":7}},"30":{"start":{"line":71,"column":8},"end":{"line":71,"column":47}},"31":{"start":{"line":74,"column":6},"end":{"line":74,"column":55}},"32":{"start":{"line":76,"column":6},"end":{"line":76,"column":26}},"33":{"start":{"line":80,"column":26},"end":{"line":87,"column":3}},"34":{"start":{"line":81,"column":4},"end":{"line":86,"column":5}},"35":{"start":{"line":82,"column":26},"end":{"line":82,"column":66}},"36":{"start":{"line":83,"column":6},"end":{"line":83,"column":30}},"37":{"start":{"line":85,"column":6},"end":{"line":85,"column":58}},"38":{"start":{"line":89,"column":17},"end":{"line":109,"column":3}},"39":{"start":{"line":90,"column":4},"end":{"line":108,"column":5}},"40":{"start":{"line":91,"column":6},"end":{"line":91,"column":25}},"41":{"start":{"line":92,"column":30},"end":{"line":92,"column":60}},"42":{"start":{"line":94,"column":6},"end":{"line":96,"column":7}},"43":{"start":{"line":95,"column":8},"end":{"line":95,"column":56}},"44":{"start":{"line":98,"column":6},"end":{"line":100,"column":7}},"45":{"start":{"line":99,"column":8},"end":{"line":99,"column":33}},"46":{"start":{"line":102,"column":6},"end":{"line":102,"column":65}},"47":{"start":{"line":104,"column":22},"end":{"line":104,"column":82}},"48":{"start":{"line":105,"column":6},"end":{"line":105,"column":48}},"49":{"start":{"line":107,"column":6},"end":{"line":107,"column":26}},"50":{"start":{"line":111,"column":18},"end":{"line":123,"column":3}},"51":{"start":{"line":112,"column":4},"end":{"line":122,"column":5}},"52":{"start":{"line":113,"column":6},"end":{"line":113,"column":25}},"53":{"start":{"line":114,"column":6},"end":{"line":114,"column":34}},"54":{"start":{"line":115,"column":6},"end":{"line":115,"column":20}},"55":{"start":{"line":116,"column":6},"end":{"line":116,"column":23}},"56":{"start":{"line":117,"column":6},"end":{"line":117,"column":23}},"57":{"start":{"line":119,"column":6},"end":{"line":119,"column":49}},"58":{"start":{"line":121,"column":6},"end":{"line":121,"column":26}},"59":{"start":{"line":125,"column":24},"end":{"line":144,"column":3}},"60":{"start":{"line":126,"column":4},"end":{"line":143,"column":5}},"61":{"start":{"line":127,"column":49},"end":{"line":127,"column":93}},"62":{"start":{"line":129,"column":6},"end":{"line":132,"column":7}},"63":{"start":{"line":130,"column":8},"end":{"line":130,"column":56}},"64":{"start":{"line":131,"column":8},"end":{"line":131,"column":21}},"65":{"start":{"line":134,"column":6},"end":{"line":137,"column":7}},"66":{"start":{"line":135,"column":8},"end":{"line":135,"column":35}},"67":{"start":{"line":136,"column":8},"end":{"line":136,"column":20}},"68":{"start":{"line":139,"column":6},"end":{"line":139,"column":19}},"69":{"start":{"line":141,"column":6},"end":{"line":141,"column":54}},"70":{"start":{"line":142,"column":6},"end":{"line":142,"column":19}},"71":{"start":{"line":146,"column":25},"end":{"line":150,"column":3}},"72":{"start":{"line":147,"column":4},"end":{"line":149,"column":5}},"73":{"start":{"line":148,"column":6},"end":{"line":148,"column":37}},"74":{"start":{"line":152,"column":24},"end":{"line":178,"column":3}},"75":{"start":{"line":153,"column":4},"end":{"line":177,"column":5}},"76":{"start":{"line":154,"column":30},"end":{"line":154,"column":71}},"77":{"start":{"line":156,"column":6},"end":{"line":159,"column":7}},"78":{"start":{"line":157,"column":8},"end":{"line":157,"column":60}},"79":{"start":{"line":158,"column":8},"end":{"line":158,"column":20}},"80":{"start":{"line":161,"column":6},"end":{"line":168,"column":7}},"81":{"start":{"line":162,"column":29},"end":{"line":162,"column":98}},"82":{"start":{"line":162,"column":69},"end":{"line":162,"column":94}},"83":{"start":{"line":163,"column":8},"end":{"line":167,"column":10}},"84":{"start":{"line":170,"column":6},"end":{"line":173,"column":8}},"85":{"start":{"line":175,"column":6},"end":{"line":175,"column":58}},"86":{"start":{"line":176,"column":6},"end":{"line":176,"column":18}},"87":{"start":{"line":180,"column":33},"end":{"line":191,"column":3}},"88":{"start":{"line":193,"column":2},"end":{"line":197,"column":4}}},"fnMap":{"0":{"name":"(anonymous_0)","decl":{"start":{"line":22,"column":23},"end":{"line":22,"column":24}},"loc":{"start":{"line":22,"column":46},"end":{"line":28,"column":1}},"line":22},"1":{"name":"(anonymous_1)","decl":{"start":{"line":34,"column":57},"end":{"line":34,"column":58}},"loc":{"start":{"line":34,"column":75},"end":{"line":198,"column":1}},"line":34},"2":{"name":"(anonymous_2)","decl":{"start":{"line":42,"column":12},"end":{"line":42,"column":13}},"loc":{"start":{"line":42,"column":18},"end":{"line":60,"column":3}},"line":42},"3":{"name":"(anonymous_3)","decl":{"start":{"line":45,"column":71},"end":{"line":45,"column":72}},"loc":{"start":{"line":45,"column":97},"end":{"line":55,"column":5}},"line":45},"4":{"name":"(anonymous_4)","decl":{"start":{"line":57,"column":11},"end":{"line":57,"column":12}},"loc":{"start":{"line":57,"column":17},"end":{"line":59,"column":5}},"line":57},"5":{"name":"(anonymous_5)","decl":{"start":{"line":62,"column":25},"end":{"line":62,"column":26}},"loc":{"start":{"line":62,"column":37},"end":{"line":78,"column":3}},"line":62},"6":{"name":"(anonymous_6)","decl":{"start":{"line":80,"column":26},"end":{"line":80,"column":27}},"loc":{"start":{"line":80,"column":52},"end":{"line":87,"column":3}},"line":80},"7":{"name":"(anonymous_7)","decl":{"start":{"line":89,"column":17},"end":{"line":89,"column":18}},"loc":{"start":{"line":89,"column":92},"end":{"line":109,"column":3}},"line":89},"8":{"name":"(anonymous_8)","decl":{"start":{"line":111,"column":18},"end":{"line":111,"column":19}},"loc":{"start":{"line":111,"column":45},"end":{"line":123,"column":3}},"line":111},"9":{"name":"(anonymous_9)","decl":{"start":{"line":125,"column":24},"end":{"line":125,"column":25}},"loc":{"start":{"line":125,"column":83},"end":{"line":144,"column":3}},"line":125},"10":{"name":"(anonymous_10)","decl":{"start":{"line":146,"column":25},"end":{"line":146,"column":26}},"loc":{"start":{"line":146,"column":52},"end":{"line":150,"column":3}},"line":146},"11":{"name":"(anonymous_11)","decl":{"start":{"line":152,"column":24},"end":{"line":152,"column":25}},"loc":{"start":{"line":152,"column":68},"end":{"line":178,"column":3}},"line":152},"12":{"name":"(anonymous_12)","decl":{"start":{"line":162,"column":41},"end":{"line":162,"column":42}},"loc":{"start":{"line":162,"column":69},"end":{"line":162,"column":94}},"line":162}},"branchMap":{"0":{"loc":{"start":{"line":24,"column":2},"end":{"line":26,"column":3}},"type":"if","locations":[{"start":{"line":24,"column":2},"end":{"line":26,"column":3}},{"start":{},"end":{}}],"line":24},"1":{"loc":{"start":{"line":47,"column":14},"end":{"line":47,"column":35}},"type":"binary-expr","locations":[{"start":{"line":47,"column":14},"end":{"line":47,"column":27}},{"start":{"line":47,"column":31},"end":{"line":47,"column":35}}],"line":47},"2":{"loc":{"start":{"line":49,"column":6},"end":{"line":53,"column":7}},"type":"if","locations":[{"start":{"line":49,"column":6},"end":{"line":53,"column":7}},{"start":{"line":51,"column":13},"end":{"line":53,"column":7}}],"line":49},"3":{"loc":{"start":{"line":68,"column":14},"end":{"line":68,"column":35}},"type":"binary-expr","locations":[{"start":{"line":68,"column":14},"end":{"line":68,"column":27}},{"start":{"line":68,"column":31},"end":{"line":68,"column":35}}],"line":68},"4":{"loc":{"start":{"line":70,"column":6},"end":{"line":72,"column":7}},"type":"if","locations":[{"start":{"line":70,"column":6},"end":{"line":72,"column":7}},{"start":{},"end":{}}],"line":70},"5":{"loc":{"start":{"line":94,"column":6},"end":{"line":96,"column":7}},"type":"if","locations":[{"start":{"line":94,"column":6},"end":{"line":96,"column":7}},{"start":{},"end":{}}],"line":94},"6":{"loc":{"start":{"line":98,"column":6},"end":{"line":100,"column":7}},"type":"if","locations":[{"start":{"line":98,"column":6},"end":{"line":100,"column":7}},{"start":{},"end":{}}],"line":98},"7":{"loc":{"start":{"line":104,"column":22},"end":{"line":104,"column":82}},"type":"cond-expr","locations":[{"start":{"line":104,"column":47},"end":{"line":104,"column":60}},{"start":{"line":104,"column":63},"end":{"line":104,"column":82}}],"line":104},"8":{"loc":{"start":{"line":129,"column":6},"end":{"line":132,"column":7}},"type":"if","locations":[{"start":{"line":129,"column":6},"end":{"line":132,"column":7}},{"start":{},"end":{}}],"line":129},"9":{"loc":{"start":{"line":134,"column":6},"end":{"line":137,"column":7}},"type":"if","locations":[{"start":{"line":134,"column":6},"end":{"line":137,"column":7}},{"start":{},"end":{}}],"line":134},"10":{"loc":{"start":{"line":147,"column":4},"end":{"line":149,"column":5}},"type":"if","locations":[{"start":{"line":147,"column":4},"end":{"line":149,"column":5}},{"start":{},"end":{}}],"line":147},"11":{"loc":{"start":{"line":156,"column":6},"end":{"line":159,"column":7}},"type":"if","locations":[{"start":{"line":156,"column":6},"end":{"line":159,"column":7}},{"start":{},"end":{}}],"line":156},"12":{"loc":{"start":{"line":161,"column":6},"end":{"line":168,"column":7}},"type":"if","locations":[{"start":{"line":161,"column":6},"end":{"line":168,"column":7}},{"start":{},"end":{}}],"line":161},"13":{"loc":{"start":{"line":161,"column":10},"end":{"line":161,"column":33}},"type":"binary-expr","locations":[{"start":{"line":161,"column":10},"end":{"line":161,"column":14}},{"start":{"line":161,"column":18},"end":{"line":161,"column":33}}],"line":161},"14":{"loc":{"start":{"line":162,"column":76},"end":{"line":162,"column":93}},"type":"binary-expr","locations":[{"start":{"line":162,"column":76},"end":{"line":162,"column":88}},{"start":{"line":162,"column":92},"end":{"line":162,"column":93}}],"line":162},"15":{"loc":{"start":{"line":165,"column":24},"end":{"line":165,"column":63}},"type":"binary-expr","locations":[{"start":{"line":165,"column":24},"end":{"line":165,"column":45}},{"start":{"line":165,"column":49},"end":{"line":165,"column":63}}],"line":165},"16":{"loc":{"start":{"line":171,"column":22},"end":{"line":171,"column":48}},"type":"binary-expr","locations":[{"start":{"line":171,"column":22},"end":{"line":171,"column":43}},{"start":{"line":171,"column":47},"end":{"line":171,"column":48}}],"line":171}},"s":{"0":0,"1":0,"2":0,"3":0,"4":0,"5":0,"6":0,"7":0,"8":0,"9":0,"10":0,"11":0,"12":0,"13":0,"14":0,"15":0,"16":0,"17":0,"18":0,"19":0,"20":0,"21":0,"22":0,"23":0,"24":0,"25":0,"26":0,"27":0,"28":0,"29":0,"30":0,"31":0,"32":0,"33":0,"34":0,"35":0,"36":0,"37":0,"38":0,"39":0,"40":0,"41":0,"42":0,"43":0,"44":0,"45":0,"46":0,"47":0,"48":0,"49":0,"50":0,"51":0,"52":0,"53":0,"54":0,"55":0,"56":0,"57":0,"58":0,"59":0,"60":0,"61":0,"62":0,"63":0,"64":0,"65":0,"66":0,"67":0,"68":0,"69":0,"70":0,"71":0,"72":0,"73":0,"74":0,"75":0,"76":0,"77":0,"78":0,"79":0,"80":0,"81":0,"82":0,"83":0,"84":0,"85":0,"86":0,"87":0,"88":0},"f":{"0":0,"1":0,"2":0,"3":0,"4":0,"5":0,"6":0,"7":0,"8":0,"9":0,"10":0,"11":0,"12":0},"b":{"0":[0,0],"1":[0,0],"2":[0,0],"3":[0,0],"4":[0,0],"5":[0,0],"6":[0,0],"7":[0,0],"8":[0,0],"9":[0,0],"10":[0,0],"11":[0,0],"12":[0,0],"13":[0,0],"14":[0,0],"15":[0,0],"16":[0,0]}}
,"/Users/joe/Desktop/Projects/Greek-Pay-Ios/Greek-Pay-IOS/services/auth.ts": {"path":"/Users/joe/Desktop/Projects/Greek-Pay-Ios/Greek-Pay-IOS/services/auth.ts","statementMap":{"0":{"start":{"line":19,"column":27},"end":{"line":116,"column":1}},"1":{"start":{"line":21,"column":38},"end":{"line":24,"column":6}},"2":{"start":{"line":26,"column":4},"end":{"line":26,"column":51}},"3":{"start":{"line":30,"column":38},"end":{"line":42,"column":6}},"4":{"start":{"line":44,"column":4},"end":{"line":44,"column":51}},"5":{"start":{"line":48,"column":22},"end":{"line":48,"column":51}},"6":{"start":{"line":49,"column":4},"end":{"line":49,"column":21}},"7":{"start":{"line":53,"column":31},"end":{"line":53,"column":60}},"8":{"start":{"line":54,"column":4},"end":{"line":54,"column":16}},"9":{"start":{"line":58,"column":34},"end":{"line":58,"column":66}},"10":{"start":{"line":59,"column":4},"end":{"line":59,"column":19}},"11":{"start":{"line":63,"column":28},"end":{"line":67,"column":15}},"12":{"start":{"line":69,"column":4},"end":{"line":72,"column":5}},"13":{"start":{"line":70,"column":6},"end":{"line":70,"column":59}},"14":{"start":{"line":71,"column":6},"end":{"line":71,"column":18}},"15":{"start":{"line":74,"column":4},"end":{"line":74,"column":31}},"16":{"start":{"line":78,"column":17},"end":{"line":78,"column":44}},"17":{"start":{"line":79,"column":4},"end":{"line":81,"column":5}},"18":{"start":{"line":80,"column":6},"end":{"line":80,"column":70}},"19":{"start":{"line":83,"column":28},"end":{"line":88,"column":15}},"20":{"start":{"line":90,"column":4},"end":{"line":92,"column":5}},"21":{"start":{"line":91,"column":6},"end":{"line":91,"column":64}},"22":{"start":{"line":94,"column":4},"end":{"line":94,"column":57}},"23":{"start":{"line":98,"column":22},"end":{"line":100,"column":6}},"24":{"start":{"line":101,"column":4},"end":{"line":101,"column":21}},"25":{"start":{"line":105,"column":22},"end":{"line":107,"column":6}},"26":{"start":{"line":108,"column":4},"end":{"line":108,"column":21}},"27":{"start":{"line":112,"column":4},"end":{"line":114,"column":7}},"28":{"start":{"line":113,"column":6},"end":{"line":113,"column":38}}},"fnMap":{"0":{"name":"(anonymous_0)","decl":{"start":{"line":20,"column":2},"end":{"line":20,"column":3}},"loc":{"start":{"line":20,"column":33},"end":{"line":27,"column":3}},"line":20},"1":{"name":"(anonymous_1)","decl":{"start":{"line":29,"column":2},"end":{"line":29,"column":3}},"loc":{"start":{"line":29,"column":33},"end":{"line":45,"column":3}},"line":29},"2":{"name":"(anonymous_2)","decl":{"start":{"line":47,"column":2},"end":{"line":47,"column":3}},"loc":{"start":{"line":47,"column":18},"end":{"line":50,"column":3}},"line":47},"3":{"name":"(anonymous_3)","decl":{"start":{"line":52,"column":2},"end":{"line":52,"column":3}},"loc":{"start":{"line":52,"column":25},"end":{"line":55,"column":3}},"line":52},"4":{"name":"(anonymous_4)","decl":{"start":{"line":57,"column":2},"end":{"line":57,"column":3}},"loc":{"start":{"line":57,"column":21},"end":{"line":60,"column":3}},"line":57},"5":{"name":"(anonymous_5)","decl":{"start":{"line":62,"column":2},"end":{"line":62,"column":3}},"loc":{"start":{"line":62,"column":68},"end":{"line":75,"column":3}},"line":62},"6":{"name":"(anonymous_6)","decl":{"start":{"line":77,"column":2},"end":{"line":77,"column":3}},"loc":{"start":{"line":77,"column":120},"end":{"line":95,"column":3}},"line":77},"7":{"name":"(anonymous_7)","decl":{"start":{"line":97,"column":2},"end":{"line":97,"column":3}},"loc":{"start":{"line":97,"column":45},"end":{"line":102,"column":3}},"line":97},"8":{"name":"(anonymous_8)","decl":{"start":{"line":104,"column":2},"end":{"line":104,"column":3}},"loc":{"start":{"line":104,"column":44},"end":{"line":109,"column":3}},"line":104},"9":{"name":"(anonymous_9)","decl":{"start":{"line":111,"column":2},"end":{"line":111,"column":3}},"loc":{"start":{"line":111,"column":51},"end":{"line":115,"column":3}},"line":111},"10":{"name":"(anonymous_10)","decl":{"start":{"line":112,"column":43},"end":{"line":112,"column":44}},"loc":{"start":{"line":112,"column":63},"end":{"line":114,"column":5}},"line":112}},"branchMap":{"0":{"loc":{"start":{"line":26,"column":19},"end":{"line":26,"column":41}},"type":"binary-expr","locations":[{"start":{"line":26,"column":19},"end":{"line":26,"column":33}},{"start":{"line":26,"column":37},"end":{"line":26,"column":41}}],"line":26},"1":{"loc":{"start":{"line":44,"column":19},"end":{"line":44,"column":41}},"type":"binary-expr","locations":[{"start":{"line":44,"column":19},"end":{"line":44,"column":33}},{"start":{"line":44,"column":37},"end":{"line":44,"column":41}}],"line":44},"2":{"loc":{"start":{"line":69,"column":4},"end":{"line":72,"column":5}},"type":"if","locations":[{"start":{"line":69,"column":4},"end":{"line":72,"column":5}},{"start":{},"end":{}}],"line":69},"3":{"loc":{"start":{"line":79,"column":4},"end":{"line":81,"column":5}},"type":"if","locations":[{"start":{"line":79,"column":4},"end":{"line":81,"column":5}},{"start":{},"end":{}}],"line":79},"4":{"loc":{"start":{"line":90,"column":4},"end":{"line":92,"column":5}},"type":"if","locations":[{"start":{"line":90,"column":4},"end":{"line":92,"column":5}},{"start":{},"end":{}}],"line":90},"5":{"loc":{"start":{"line":113,"column":15},"end":{"line":113,"column":36}},"type":"binary-expr","locations":[{"start":{"line":113,"column":15},"end":{"line":113,"column":28}},{"start":{"line":113,"column":32},"end":{"line":113,"column":36}}],"line":113}},"s":{"0":2,"1":3,"2":3,"3":2,"4":2,"5":2,"6":2,"7":5,"8":5,"9":2,"10":2,"11":2,"12":2,"13":1,"14":1,"15":1,"16":3,"17":3,"18":1,"19":2,"20":2,"21":1,"22":1,"23":2,"24":2,"25":2,"26":2,"27":1,"28":0},"f":{"0":3,"1":2,"2":2,"3":5,"4":2,"5":2,"6":3,"7":2,"8":2,"9":1,"10":0},"b":{"0":[3,2],"1":[2,1],"2":[1,1],"3":[1,2],"4":[1,1],"5":[0,0]},"_coverageSchema":"1a1c01bbd47fc00a2c39e90264f33305004495a9","hash":"bc6416e321fa4f2b217774aec6c2cc7ec03d8638"}
,"/Users/joe/Desktop/Projects/Greek-Pay-Ios/Greek-Pay-IOS/services/biometric.ts": {"path":"/Users/joe/Desktop/Projects/Greek-Pay-Ios/Greek-Pay-IOS/services/biometric.ts","statementMap":{"0":{"start":{"line":4,"column":30},"end":{"line":4,"column":58}},"1":{"start":{"line":6,"column":32},"end":{"line":47,"column":1}},"2":{"start":{"line":8,"column":23},"end":{"line":8,"column":67}},"3":{"start":{"line":9,"column":4},"end":{"line":9,"column":34}},"4":{"start":{"line":9,"column":21},"end":{"line":9,"column":34}},"5":{"start":{"line":10,"column":21},"end":{"line":10,"column":64}},"6":{"start":{"line":11,"column":4},"end":{"line":11,"column":20}},"7":{"start":{"line":15,"column":18},"end":{"line":15,"column":79}},"8":{"start":{"line":16,"column":4},"end":{"line":18,"column":5}},"9":{"start":{"line":17,"column":6},"end":{"line":17,"column":23}},"10":{"start":{"line":19,"column":4},"end":{"line":21,"column":5}},"11":{"start":{"line":20,"column":6},"end":{"line":20,"column":24}},"12":{"start":{"line":22,"column":4},"end":{"line":22,"column":23}},"13":{"start":{"line":26,"column":19},"end":{"line":31,"column":6}},"14":{"start":{"line":32,"column":4},"end":{"line":32,"column":26}},"15":{"start":{"line":36,"column":18},"end":{"line":36,"column":71}},"16":{"start":{"line":37,"column":4},"end":{"line":37,"column":28}},"17":{"start":{"line":41,"column":4},"end":{"line":45,"column":5}},"18":{"start":{"line":42,"column":6},"end":{"line":42,"column":68}},"19":{"start":{"line":44,"column":6},"end":{"line":44,"column":63}}},"fnMap":{"0":{"name":"(anonymous_0)","decl":{"start":{"line":7,"column":2},"end":{"line":7,"column":3}},"loc":{"start":{"line":7,"column":40},"end":{"line":12,"column":3}},"line":7},"1":{"name":"(anonymous_1)","decl":{"start":{"line":14,"column":2},"end":{"line":14,"column":3}},"loc":{"start":{"line":14,"column":44},"end":{"line":23,"column":3}},"line":14},"2":{"name":"(anonymous_2)","decl":{"start":{"line":25,"column":2},"end":{"line":25,"column":3}},"loc":{"start":{"line":25,"column":63},"end":{"line":33,"column":3}},"line":25},"3":{"name":"(anonymous_3)","decl":{"start":{"line":35,"column":2},"end":{"line":35,"column":3}},"loc":{"start":{"line":35,"column":38},"end":{"line":38,"column":3}},"line":35},"4":{"name":"(anonymous_4)","decl":{"start":{"line":40,"column":2},"end":{"line":40,"column":3}},"loc":{"start":{"line":40,"column":52},"end":{"line":46,"column":3}},"line":40}},"branchMap":{"0":{"loc":{"start":{"line":9,"column":4},"end":{"line":9,"column":34}},"type":"if","locations":[{"start":{"line":9,"column":4},"end":{"line":9,"column":34}},{"start":{},"end":{}}],"line":9},"1":{"loc":{"start":{"line":16,"column":4},"end":{"line":18,"column":5}},"type":"if","locations":[{"start":{"line":16,"column":4},"end":{"line":18,"column":5}},{"start":{},"end":{}}],"line":16},"2":{"loc":{"start":{"line":19,"column":4},"end":{"line":21,"column":5}},"type":"if","locations":[{"start":{"line":19,"column":4},"end":{"line":21,"column":5}},{"start":{},"end":{}}],"line":19},"3":{"loc":{"start":{"line":27,"column":21},"end":{"line":27,"column":55}},"type":"binary-expr","locations":[{"start":{"line":27,"column":21},"end":{"line":27,"column":34}},{"start":{"line":27,"column":38},"end":{"line":27,"column":55}}],"line":27},"4":{"loc":{"start":{"line":41,"column":4},"end":{"line":45,"column":5}},"type":"if","locations":[{"start":{"line":41,"column":4},"end":{"line":45,"column":5}},{"start":{"line":43,"column":11},"end":{"line":45,"column":5}}],"line":41}},"s":{"0":1,"1":1,"2":3,"3":3,"4":1,"5":2,"6":2,"7":4,"8":4,"9":2,"10":2,"11":1,"12":1,"13":4,"14":4,"15":3,"16":3,"17":2,"18":1,"19":1},"f":{"0":3,"1":4,"2":4,"3":3,"4":2},"b":{"0":[1,2],"1":[2,2],"2":[1,1],"3":[4,3],"4":[1,1]},"_coverageSchema":"1a1c01bbd47fc00a2c39e90264f33305004495a9","hash":"f50ca8ae68c773b37576d68f52d59d9ce580010e"}
,"/Users/joe/Desktop/Projects/Greek-Pay-Ios/Greek-Pay-IOS/services/dues.ts": {"path":"/Users/joe/Desktop/Projects/Greek-Pay-Ios/Greek-Pay-IOS/services/dues.ts","statementMap":{"0":{"start":{"line":4,"column":27},"end":{"line":30,"column":1}},"1":{"start":{"line":6,"column":28},"end":{"line":6,"column":69}},"2":{"start":{"line":8,"column":4},"end":{"line":11,"column":5}},"3":{"start":{"line":9,"column":6},"end":{"line":9,"column":59}},"4":{"start":{"line":10,"column":6},"end":{"line":10,"column":18}},"5":{"start":{"line":13,"column":4},"end":{"line":13,"column":47}},"6":{"start":{"line":17,"column":28},"end":{"line":21,"column":50}},"7":{"start":{"line":23,"column":4},"end":{"line":26,"column":5}},"8":{"start":{"line":24,"column":6},"end":{"line":24,"column":62}},"9":{"start":{"line":25,"column":6},"end":{"line":25,"column":18}},"10":{"start":{"line":28,"column":4},"end":{"line":28,"column":41}},"11":{"start":{"line":32,"column":34},"end":{"line":83,"column":1}},"12":{"start":{"line":34,"column":28},"end":{"line":39,"column":15}},"13":{"start":{"line":41,"column":4},"end":{"line":48,"column":5}},"14":{"start":{"line":42,"column":6},"end":{"line":45,"column":7}},"15":{"start":{"line":44,"column":8},"end":{"line":44,"column":20}},"16":{"start":{"line":46,"column":6},"end":{"line":46,"column":58}},"17":{"start":{"line":47,"column":6},"end":{"line":47,"column":18}},"18":{"start":{"line":50,"column":4},"end":{"line":50,"column":35}},"19":{"start":{"line":55,"column":45},"end":{"line":59,"column":15}},"20":{"start":{"line":61,"column":4},"end":{"line":64,"column":5}},"21":{"start":{"line":62,"column":6},"end":{"line":62,"column":55}},"22":{"start":{"line":63,"column":6},"end":{"line":63,"column":18}},"23":{"start":{"line":67,"column":53},"end":{"line":71,"column":55}},"24":{"start":{"line":73,"column":4},"end":{"line":76,"column":5}},"25":{"start":{"line":74,"column":6},"end":{"line":74,"column":63}},"26":{"start":{"line":75,"column":6},"end":{"line":75,"column":18}},"27":{"start":{"line":78,"column":4},"end":{"line":81,"column":37}}},"fnMap":{"0":{"name":"(anonymous_0)","decl":{"start":{"line":5,"column":2},"end":{"line":5,"column":3}},"loc":{"start":{"line":5,"column":61},"end":{"line":14,"column":3}},"line":5},"1":{"name":"(anonymous_1)","decl":{"start":{"line":16,"column":2},"end":{"line":16,"column":3}},"loc":{"start":{"line":16,"column":66},"end":{"line":29,"column":3}},"line":16},"2":{"name":"(anonymous_2)","decl":{"start":{"line":33,"column":2},"end":{"line":33,"column":3}},"loc":{"start":{"line":33,"column":77},"end":{"line":51,"column":3}},"line":33},"3":{"name":"(anonymous_3)","decl":{"start":{"line":53,"column":2},"end":{"line":53,"column":3}},"loc":{"start":{"line":53,"column":89},"end":{"line":82,"column":3}},"line":53}},"branchMap":{"0":{"loc":{"start":{"line":8,"column":4},"end":{"line":11,"column":5}},"type":"if","locations":[{"start":{"line":8,"column":4},"end":{"line":11,"column":5}},{"start":{},"end":{}}],"line":8},"1":{"loc":{"start":{"line":13,"column":12},"end":{"line":13,"column":22}},"type":"binary-expr","locations":[{"start":{"line":13,"column":12},"end":{"line":13,"column":16}},{"start":{"line":13,"column":20},"end":{"line":13,"column":22}}],"line":13},"2":{"loc":{"start":{"line":23,"column":4},"end":{"line":26,"column":5}},"type":"if","locations":[{"start":{"line":23,"column":4},"end":{"line":26,"column":5}},{"start":{},"end":{}}],"line":23},"3":{"loc":{"start":{"line":28,"column":12},"end":{"line":28,"column":22}},"type":"binary-expr","locations":[{"start":{"line":28,"column":12},"end":{"line":28,"column":16}},{"start":{"line":28,"column":20},"end":{"line":28,"column":22}}],"line":28},"4":{"loc":{"start":{"line":41,"column":4},"end":{"line":48,"column":5}},"type":"if","locations":[{"start":{"line":41,"column":4},"end":{"line":48,"column":5}},{"start":{},"end":{}}],"line":41},"5":{"loc":{"start":{"line":42,"column":6},"end":{"line":45,"column":7}},"type":"if","locations":[{"start":{"line":42,"column":6},"end":{"line":45,"column":7}},{"start":{},"end":{}}],"line":42},"6":{"loc":{"start":{"line":61,"column":4},"end":{"line":64,"column":5}},"type":"if","locations":[{"start":{"line":61,"column":4},"end":{"line":64,"column":5}},{"start":{},"end":{}}],"line":61},"7":{"loc":{"start":{"line":73,"column":4},"end":{"line":76,"column":5}},"type":"if","locations":[{"start":{"line":73,"column":4},"end":{"line":76,"column":5}},{"start":{},"end":{}}],"line":73},"8":{"loc":{"start":{"line":80,"column":16},"end":{"line":80,"column":30}},"type":"binary-expr","locations":[{"start":{"line":80,"column":16},"end":{"line":80,"column":24}},{"start":{"line":80,"column":28},"end":{"line":80,"column":30}}],"line":80}},"s":{"0":1,"1":3,"2":3,"3":1,"4":1,"5":2,"6":3,"7":3,"8":1,"9":1,"10":2,"11":1,"12":3,"13":3,"14":2,"15":1,"16":1,"17":1,"18":1,"19":3,"20":3,"21":1,"22":1,"23":2,"24":2,"25":1,"26":1,"27":1},"f":{"0":3,"1":3,"2":3,"3":3},"b":{"0":[1,2],"1":[2,1],"2":[1,2],"3":[2,1],"4":[2,1],"5":[1,1],"6":[1,2],"7":[1,1],"8":[1,0]},"_coverageSchema":"1a1c01bbd47fc00a2c39e90264f33305004495a9","hash":"077e14c4cd66108731e2c5cf12cb454abe629572"}
,"/Users/joe/Desktop/Projects/Greek-Pay-Ios/Greek-Pay-IOS/services/notifications.ts": {"path":"/Users/joe/Desktop/Projects/Greek-Pay-Ios/Greek-Pay-IOS/services/notifications.ts","statementMap":{"0":{"start":{"line":7,"column":0},"end":{"line":15,"column":3}},"1":{"start":{"line":8,"column":35},"end":{"line":14,"column":3}},"2":{"start":{"line":17,"column":35},"end":{"line":96,"column":1}},"3":{"start":{"line":19,"column":4},"end":{"line":22,"column":5}},"4":{"start":{"line":20,"column":6},"end":{"line":20,"column":66}},"5":{"start":{"line":21,"column":6},"end":{"line":21,"column":18}},"6":{"start":{"line":24,"column":39},"end":{"line":24,"column":80}},"7":{"start":{"line":25,"column":22},"end":{"line":25,"column":36}},"8":{"start":{"line":27,"column":4},"end":{"line":30,"column":5}},"9":{"start":{"line":28,"column":25},"end":{"line":28,"column":70}},"10":{"start":{"line":29,"column":6},"end":{"line":29,"column":27}},"11":{"start":{"line":32,"column":4},"end":{"line":34,"column":5}},"12":{"start":{"line":33,"column":6},"end":{"line":33,"column":18}},"13":{"start":{"line":36,"column":4},"end":{"line":42,"column":5}},"14":{"start":{"line":37,"column":6},"end":{"line":41,"column":9}},"15":{"start":{"line":44,"column":22},"end":{"line":46,"column":6}},"16":{"start":{"line":48,"column":4},"end":{"line":48,"column":26}},"17":{"start":{"line":52,"column":22},"end":{"line":62,"column":7}},"18":{"start":{"line":64,"column":4},"end":{"line":66,"column":5}},"19":{"start":{"line":65,"column":6},"end":{"line":65,"column":55}},"20":{"start":{"line":70,"column":4},"end":{"line":82,"column":5}},"21":{"start":{"line":71,"column":24},"end":{"line":73,"column":8}},"22":{"start":{"line":75,"column":6},"end":{"line":79,"column":37}},"23":{"start":{"line":88,"column":4},"end":{"line":88,"column":67}},"24":{"start":{"line":94,"column":4},"end":{"line":94,"column":75}}},"fnMap":{"0":{"name":"(anonymous_0)","decl":{"start":{"line":8,"column":22},"end":{"line":8,"column":23}},"loc":{"start":{"line":8,"column":35},"end":{"line":14,"column":3}},"line":8},"1":{"name":"(anonymous_1)","decl":{"start":{"line":18,"column":2},"end":{"line":18,"column":3}},"loc":{"start":{"line":18,"column":63},"end":{"line":49,"column":3}},"line":18},"2":{"name":"(anonymous_2)","decl":{"start":{"line":51,"column":2},"end":{"line":51,"column":3}},"loc":{"start":{"line":51,"column":68},"end":{"line":67,"column":3}},"line":51},"3":{"name":"(anonymous_3)","decl":{"start":{"line":69,"column":2},"end":{"line":69,"column":3}},"loc":{"start":{"line":69,"column":55},"end":{"line":83,"column":3}},"line":69},"4":{"name":"(anonymous_4)","decl":{"start":{"line":85,"column":2},"end":{"line":85,"column":3}},"loc":{"start":{"line":87,"column":4},"end":{"line":89,"column":3}},"line":87},"5":{"name":"(anonymous_5)","decl":{"start":{"line":91,"column":2},"end":{"line":91,"column":3}},"loc":{"start":{"line":93,"column":4},"end":{"line":95,"column":3}},"line":93}},"branchMap":{"0":{"loc":{"start":{"line":19,"column":4},"end":{"line":22,"column":5}},"type":"if","locations":[{"start":{"line":19,"column":4},"end":{"line":22,"column":5}},{"start":{},"end":{}}],"line":19},"1":{"loc":{"start":{"line":27,"column":4},"end":{"line":30,"column":5}},"type":"if","locations":[{"start":{"line":27,"column":4},"end":{"line":30,"column":5}},{"start":{},"end":{}}],"line":27},"2":{"loc":{"start":{"line":32,"column":4},"end":{"line":34,"column":5}},"type":"if","locations":[{"start":{"line":32,"column":4},"end":{"line":34,"column":5}},{"start":{},"end":{}}],"line":32},"3":{"loc":{"start":{"line":36,"column":4},"end":{"line":42,"column":5}},"type":"if","locations":[{"start":{"line":36,"column":4},"end":{"line":42,"column":5}},{"start":{},"end":{}}],"line":36},"4":{"loc":{"start":{"line":64,"column":4},"end":{"line":66,"column":5}},"type":"if","locations":[{"start":{"line":64,"column":4},"end":{"line":66,"column":5}},{"start":{},"end":{}}],"line":64}},"s":{"0":1,"1":0,"2":1,"3":4,"4":1,"5":1,"6":3,"7":3,"8":3,"9":2,"10":2,"11":3,"12":1,"13":2,"14":0,"15":2,"16":2,"17":2,"18":2,"19":1,"20":2,"21":2,"22":1,"23":1,"24":1},"f":{"0":0,"1":4,"2":2,"3":2,"4":1,"5":1},"b":{"0":[1,3],"1":[2,1],"2":[1,2],"3":[0,2],"4":[1,1]},"_coverageSchema":"1a1c01bbd47fc00a2c39e90264f33305004495a9","hash":"a14b61cd05f559d82d440744ca900e4a7bd664f7"}
,"/Users/joe/Desktop/Projects/Greek-Pay-Ios/Greek-Pay-IOS/services/payments.ts": {"path":"/Users/joe/Desktop/Projects/Greek-Pay-Ios/Greek-Pay-IOS/services/payments.ts","statementMap":{"0":{"start":{"line":4,"column":21},"end":{"line":4,"column":57}},"1":{"start":{"line":6,"column":30},"end":{"line":74,"column":1}},"2":{"start":{"line":12,"column":34},"end":{"line":12,"column":66}},"3":{"start":{"line":14,"column":4},"end":{"line":16,"column":5}},"4":{"start":{"line":15,"column":6},"end":{"line":15,"column":60}},"5":{"start":{"line":18,"column":4},"end":{"line":52,"column":5}},"6":{"start":{"line":19,"column":23},"end":{"line":30,"column":8}},"7":{"start":{"line":32,"column":19},"end":{"line":32,"column":40}},"8":{"start":{"line":34,"column":6},"end":{"line":36,"column":7}},"9":{"start":{"line":35,"column":8},"end":{"line":35,"column":73}},"10":{"start":{"line":38,"column":6},"end":{"line":48,"column":8}},"11":{"start":{"line":50,"column":6},"end":{"line":50,"column":61}},"12":{"start":{"line":51,"column":6},"end":{"line":51,"column":75}},"13":{"start":{"line":56,"column":4},"end":{"line":72,"column":5}},"14":{"start":{"line":57,"column":30},"end":{"line":61,"column":17}},"15":{"start":{"line":63,"column":6},"end":{"line":66,"column":7}},"16":{"start":{"line":64,"column":8},"end":{"line":64,"column":63}},"17":{"start":{"line":65,"column":8},"end":{"line":65,"column":20}},"18":{"start":{"line":68,"column":6},"end":{"line":68,"column":34}},"19":{"start":{"line":70,"column":6},"end":{"line":70,"column":61}},"20":{"start":{"line":71,"column":6},"end":{"line":71,"column":18}}},"fnMap":{"0":{"name":"(anonymous_0)","decl":{"start":{"line":7,"column":2},"end":{"line":7,"column":3}},"loc":{"start":{"line":11,"column":42},"end":{"line":53,"column":3}},"line":11},"1":{"name":"(anonymous_1)","decl":{"start":{"line":55,"column":2},"end":{"line":55,"column":3}},"loc":{"start":{"line":55,"column":74},"end":{"line":73,"column":3}},"line":55}},"branchMap":{"0":{"loc":{"start":{"line":10,"column":4},"end":{"line":10,"column":58}},"type":"default-arg","locations":[{"start":{"line":10,"column":52},"end":{"line":10,"column":58}}],"line":10},"1":{"loc":{"start":{"line":14,"column":4},"end":{"line":16,"column":5}},"type":"if","locations":[{"start":{"line":14,"column":4},"end":{"line":16,"column":5}},{"start":{},"end":{}}],"line":14},"2":{"loc":{"start":{"line":34,"column":6},"end":{"line":36,"column":7}},"type":"if","locations":[{"start":{"line":34,"column":6},"end":{"line":36,"column":7}},{"start":{},"end":{}}],"line":34},"3":{"loc":{"start":{"line":35,"column":40},"end":{"line":35,"column":70}},"type":"binary-expr","locations":[{"start":{"line":35,"column":40},"end":{"line":35,"column":50}},{"start":{"line":35,"column":54},"end":{"line":35,"column":70}}],"line":35},"4":{"loc":{"start":{"line":63,"column":6},"end":{"line":66,"column":7}},"type":"if","locations":[{"start":{"line":63,"column":6},"end":{"line":66,"column":7}},{"start":{},"end":{}}],"line":63},"5":{"loc":{"start":{"line":68,"column":13},"end":{"line":68,"column":33}},"type":"binary-expr","locations":[{"start":{"line":68,"column":13},"end":{"line":68,"column":25}},{"start":{"line":68,"column":29},"end":{"line":68,"column":33}}],"line":68}},"s":{"0":1,"1":1,"2":7,"3":7,"4":1,"5":6,"6":6,"7":5,"8":5,"9":2,"10":3,"11":1,"12":1,"13":3,"14":3,"15":3,"16":1,"17":1,"18":2,"19":0,"20":0},"f":{"0":7,"1":3},"b":{"0":[6],"1":[1,6],"2":[2,3],"3":[2,1],"4":[1,2],"5":[2,1]},"_coverageSchema":"1a1c01bbd47fc00a2c39e90264f33305004495a9","hash":"2a549e833dde4c7c3bb4da0a0ee91d04c613b47c"}
,"/Users/joe/Desktop/Projects/Greek-Pay-Ios/Greek-Pay-IOS/services/reimbursement.ts": {"path":"/Users/joe/Desktop/Projects/Greek-Pay-Ios/Greek-Pay-IOS/services/reimbursement.ts","statementMap":{"0":{"start":{"line":4,"column":36},"end":{"line":64,"column":1}},"1":{"start":{"line":6,"column":16},"end":{"line":6,"column":49}},"2":{"start":{"line":7,"column":21},"end":{"line":7,"column":53}},"3":{"start":{"line":9,"column":21},"end":{"line":9,"column":41}},"4":{"start":{"line":10,"column":17},"end":{"line":10,"column":38}},"5":{"start":{"line":11,"column":24},"end":{"line":11,"column":62}},"6":{"start":{"line":13,"column":22},"end":{"line":18,"column":8}},"7":{"start":{"line":20,"column":4},"end":{"line":20,"column":27}},"8":{"start":{"line":20,"column":15},"end":{"line":20,"column":27}},"9":{"start":{"line":22,"column":30},"end":{"line":24,"column":29}},"10":{"start":{"line":26,"column":4},"end":{"line":26,"column":29}},"11":{"start":{"line":41,"column":37},"end":{"line":45,"column":15}},"12":{"start":{"line":47,"column":4},"end":{"line":47,"column":27}},"13":{"start":{"line":47,"column":15},"end":{"line":47,"column":27}},"14":{"start":{"line":48,"column":4},"end":{"line":48,"column":43}},"15":{"start":{"line":52,"column":31},"end":{"line":52,"column":60}},"16":{"start":{"line":53,"column":4},"end":{"line":53,"column":52}},"17":{"start":{"line":53,"column":15},"end":{"line":53,"column":52}},"18":{"start":{"line":55,"column":28},"end":{"line":59,"column":48}},"19":{"start":{"line":61,"column":4},"end":{"line":61,"column":27}},"20":{"start":{"line":61,"column":15},"end":{"line":61,"column":27}},"21":{"start":{"line":62,"column":4},"end":{"line":62,"column":50}}},"fnMap":{"0":{"name":"(anonymous_0)","decl":{"start":{"line":5,"column":2},"end":{"line":5,"column":3}},"loc":{"start":{"line":5,"column":72},"end":{"line":27,"column":3}},"line":5},"1":{"name":"(anonymous_1)","decl":{"start":{"line":29,"column":2},"end":{"line":29,"column":3}},"loc":{"start":{"line":40,"column":36},"end":{"line":49,"column":3}},"line":40},"2":{"name":"(anonymous_2)","decl":{"start":{"line":51,"column":2},"end":{"line":51,"column":3}},"loc":{"start":{"line":51,"column":57},"end":{"line":63,"column":3}},"line":51}},"branchMap":{"0":{"loc":{"start":{"line":6,"column":16},"end":{"line":6,"column":49}},"type":"binary-expr","locations":[{"start":{"line":6,"column":16},"end":{"line":6,"column":40}},{"start":{"line":6,"column":44},"end":{"line":6,"column":49}}],"line":6},"1":{"loc":{"start":{"line":16,"column":21},"end":{"line":16,"column":46}},"type":"binary-expr","locations":[{"start":{"line":16,"column":21},"end":{"line":16,"column":30}},{"start":{"line":16,"column":34},"end":{"line":16,"column":46}}],"line":16},"2":{"loc":{"start":{"line":20,"column":4},"end":{"line":20,"column":27}},"type":"if","locations":[{"start":{"line":20,"column":4},"end":{"line":20,"column":27}},{"start":{},"end":{}}],"line":20},"3":{"loc":{"start":{"line":47,"column":4},"end":{"line":47,"column":27}},"type":"if","locations":[{"start":{"line":47,"column":4},"end":{"line":47,"column":27}},{"start":{},"end":{}}],"line":47},"4":{"loc":{"start":{"line":53,"column":4},"end":{"line":53,"column":52}},"type":"if","locations":[{"start":{"line":53,"column":4},"end":{"line":53,"column":52}},{"start":{},"end":{}}],"line":53},"5":{"loc":{"start":{"line":61,"column":4},"end":{"line":61,"column":27}},"type":"if","locations":[{"start":{"line":61,"column":4},"end":{"line":61,"column":27}},{"start":{},"end":{}}],"line":61},"6":{"loc":{"start":{"line":62,"column":12},"end":{"line":62,"column":22}},"type":"binary-expr","locations":[{"start":{"line":62,"column":12},"end":{"line":62,"column":16}},{"start":{"line":62,"column":20},"end":{"line":62,"column":22}}],"line":62}},"s":{"0":1,"1":3,"2":3,"3":3,"4":3,"5":3,"6":3,"7":3,"8":1,"9":2,"10":2,"11":2,"12":2,"13":1,"14":1,"15":3,"16":3,"17":1,"18":2,"19":2,"20":0,"21":2},"f":{"0":3,"1":2,"2":3},"b":{"0":[3,0],"1":[3,0],"2":[1,2],"3":[1,1],"4":[1,2],"5":[0,2],"6":[2,1]},"_coverageSchema":"1a1c01bbd47fc00a2c39e90264f33305004495a9","hash":"360f4a142aa2edcc78eb2be844b7da276236963b"}
,"/Users/joe/Desktop/Projects/Greek-Pay-Ios/Greek-Pay-IOS/services/supabase.ts": {"path":"/Users/joe/Desktop/Projects/Greek-Pay-Ios/Greek-Pay-IOS/services/supabase.ts","statementMap":{"0":{"start":{"line":5,"column":31},"end":{"line":15,"column":1}},"1":{"start":{"line":7,"column":4},"end":{"line":7,"column":41}},"2":{"start":{"line":10,"column":4},"end":{"line":10,"column":48}},"3":{"start":{"line":13,"column":4},"end":{"line":13,"column":44}},"4":{"start":{"line":17,"column":20},"end":{"line":17,"column":56}},"5":{"start":{"line":18,"column":24},"end":{"line":18,"column":65}},"6":{"start":{"line":20,"column":0},"end":{"line":22,"column":1}},"7":{"start":{"line":21,"column":2},"end":{"line":21,"column":150}},"8":{"start":{"line":24,"column":24},"end":{"line":31,"column":2}}},"fnMap":{"0":{"name":"(anonymous_0)","decl":{"start":{"line":6,"column":11},"end":{"line":6,"column":12}},"loc":{"start":{"line":6,"column":28},"end":{"line":8,"column":3}},"line":6},"1":{"name":"(anonymous_1)","decl":{"start":{"line":9,"column":11},"end":{"line":9,"column":12}},"loc":{"start":{"line":9,"column":43},"end":{"line":11,"column":3}},"line":9},"2":{"name":"(anonymous_2)","decl":{"start":{"line":12,"column":14},"end":{"line":12,"column":15}},"loc":{"start":{"line":12,"column":31},"end":{"line":14,"column":3}},"line":12}},"branchMap":{"0":{"loc":{"start":{"line":20,"column":0},"end":{"line":22,"column":1}},"type":"if","locations":[{"start":{"line":20,"column":0},"end":{"line":22,"column":1}},{"start":{},"end":{}}],"line":20},"1":{"loc":{"start":{"line":20,"column":4},"end":{"line":20,"column":36}},"type":"binary-expr","locations":[{"start":{"line":20,"column":4},"end":{"line":20,"column":16}},{"start":{"line":20,"column":20},"end":{"line":20,"column":36}}],"line":20}},"s":{"0":0,"1":0,"2":0,"3":0,"4":0,"5":0,"6":0,"7":0,"8":0},"f":{"0":0,"1":0,"2":0},"b":{"0":[0,0],"1":[0,0]}}
,"/Users/joe/Desktop/Projects/Greek-Pay-Ios/Greek-Pay-IOS/utils/format.ts": {"path":"/Users/joe/Desktop/Projects/Greek-Pay-Ios/Greek-Pay-IOS/utils/format.ts","statementMap":{"0":{"start":{"line":1,"column":30},"end":{"line":6,"column":1}},"1":{"start":{"line":2,"column":2},"end":{"line":5,"column":20}},"2":{"start":{"line":8,"column":26},"end":{"line":15,"column":1}},"3":{"start":{"line":9,"column":15},"end":{"line":9,"column":35}},"4":{"start":{"line":10,"column":2},"end":{"line":14,"column":5}},"5":{"start":{"line":17,"column":30},"end":{"line":24,"column":1}},"6":{"start":{"line":18,"column":15},"end":{"line":18,"column":35}},"7":{"start":{"line":19,"column":2},"end":{"line":23,"column":5}},"8":{"start":{"line":26,"column":27},"end":{"line":32,"column":1}},"9":{"start":{"line":27,"column":2},"end":{"line":27,"column":24}},"10":{"start":{"line":27,"column":13},"end":{"line":27,"column":24}},"11":{"start":{"line":28,"column":16},"end":{"line":28,"column":54}},"12":{"start":{"line":29,"column":2},"end":{"line":29,"column":37}},"13":{"start":{"line":29,"column":26},"end":{"line":29,"column":37}},"14":{"start":{"line":30,"column":2},"end":{"line":30,"column":66}},"15":{"start":{"line":30,"column":26},"end":{"line":30,"column":66}},"16":{"start":{"line":31,"column":2},"end":{"line":31,"column":80}},"17":{"start":{"line":34,"column":28},"end":{"line":38,"column":1}},"18":{"start":{"line":35,"column":2},"end":{"line":35,"column":29}},"19":{"start":{"line":35,"column":13},"end":{"line":35,"column":29}},"20":{"start":{"line":36,"column":16},"end":{"line":36,"column":38}},"21":{"start":{"line":37,"column":2},"end":{"line":37,"column":30}},"22":{"start":{"line":40,"column":28},"end":{"line":53,"column":1}},"23":{"start":{"line":41,"column":2},"end":{"line":41,"column":36}},"24":{"start":{"line":41,"column":13},"end":{"line":41,"column":36}},"25":{"start":{"line":43,"column":45},"end":{"line":50,"column":3}},"26":{"start":{"line":52,"column":2},"end":{"line":52,"column":34}},"27":{"start":{"line":55,"column":32},"end":{"line":59,"column":1}},"28":{"start":{"line":56,"column":23},"end":{"line":56,"column":41}},"29":{"start":{"line":57,"column":16},"end":{"line":57,"column":26}},"30":{"start":{"line":58,"column":2},"end":{"line":58,"column":87}}},"fnMap":{"0":{"name":"(anonymous_0)","decl":{"start":{"line":1,"column":30},"end":{"line":1,"column":31}},"loc":{"start":{"line":1,"column":58},"end":{"line":6,"column":1}},"line":1},"1":{"name":"(anonymous_1)","decl":{"start":{"line":8,"column":26},"end":{"line":8,"column":27}},"loc":{"start":{"line":8,"column":58},"end":{"line":15,"column":1}},"line":8},"2":{"name":"(anonymous_2)","decl":{"start":{"line":17,"column":30},"end":{"line":17,"column":31}},"loc":{"start":{"line":17,"column":62},"end":{"line":24,"column":1}},"line":17},"3":{"name":"(anonymous_3)","decl":{"start":{"line":26,"column":27},"end":{"line":26,"column":28}},"loc":{"start":{"line":26,"column":65},"end":{"line":32,"column":1}},"line":26},"4":{"name":"(anonymous_4)","decl":{"start":{"line":34,"column":28},"end":{"line":34,"column":29}},"loc":{"start":{"line":34,"column":66},"end":{"line":38,"column":1}},"line":34},"5":{"name":"(anonymous_5)","decl":{"start":{"line":40,"column":28},"end":{"line":40,"column":29}},"loc":{"start":{"line":40,"column":66},"end":{"line":53,"column":1}},"line":40},"6":{"name":"(anonymous_6)","decl":{"start":{"line":55,"column":32},"end":{"line":55,"column":33}},"loc":{"start":{"line":55,"column":62},"end":{"line":59,"column":1}},"line":55}},"branchMap":{"0":{"loc":{"start":{"line":27,"column":2},"end":{"line":27,"column":24}},"type":"if","locations":[{"start":{"line":27,"column":2},"end":{"line":27,"column":24}},{"start":{},"end":{}}],"line":27},"1":{"loc":{"start":{"line":29,"column":2},"end":{"line":29,"column":37}},"type":"if","locations":[{"start":{"line":29,"column":2},"end":{"line":29,"column":37}},{"start":{},"end":{}}],"line":29},"2":{"loc":{"start":{"line":30,"column":2},"end":{"line":30,"column":66}},"type":"if","locations":[{"start":{"line":30,"column":2},"end":{"line":30,"column":66}},{"start":{},"end":{}}],"line":30},"3":{"loc":{"start":{"line":35,"column":2},"end":{"line":35,"column":29}},"type":"if","locations":[{"start":{"line":35,"column":2},"end":{"line":35,"column":29}},{"start":{},"end":{}}],"line":35},"4":{"loc":{"start":{"line":37,"column":9},"end":{"line":37,"column":29}},"type":"binary-expr","locations":[{"start":{"line":37,"column":9},"end":{"line":37,"column":17}},{"start":{"line":37,"column":21},"end":{"line":37,"column":29}}],"line":37},"5":{"loc":{"start":{"line":41,"column":2},"end":{"line":41,"column":36}},"type":"if","locations":[{"start":{"line":41,"column":2},"end":{"line":41,"column":36}},{"start":{},"end":{}}],"line":41},"6":{"loc":{"start":{"line":52,"column":9},"end":{"line":52,"column":33}},"type":"binary-expr","locations":[{"start":{"line":52,"column":9},"end":{"line":52,"column":25}},{"start":{"line":52,"column":29},"end":{"line":52,"column":33}}],"line":52}},"s":{"0":1,"1":5,"2":1,"3":2,"4":2,"5":1,"6":1,"7":1,"8":1,"9":7,"10":2,"11":5,"12":5,"13":1,"14":4,"15":1,"16":3,"17":1,"18":4,"19":2,"20":2,"21":2,"22":1,"23":8,"24":1,"25":7,"26":7,"27":1,"28":3,"29":3,"30":3},"f":{"0":5,"1":2,"2":1,"3":7,"4":4,"5":8,"6":3},"b":{"0":[2,5],"1":[1,4],"2":[1,3],"3":[2,2],"4":[2,0],"5":[1,7],"6":[7,1]},"_coverageSchema":"1a1c01bbd47fc00a2c39e90264f33305004495a9","hash":"1cb7ddee7163fce572fbc471fa55e2ff33203718"}
}
