TN:
SF:hooks/useAuth.tsx
FN:22,(anonymous_0)
FN:34,(anonymous_1)
FN:42,(anonymous_2)
FN:45,(anonymous_3)
FN:57,(anonymous_4)
FN:62,(anonymous_5)
FN:80,(anonymous_6)
FN:89,(anonymous_7)
FN:111,(anonymous_8)
FN:125,(anonymous_9)
FN:146,(anonymous_10)
FN:152,(anonymous_11)
FN:162,(anonymous_12)
FNF:13
FNH:0
FNDA:0,(anonymous_0)
FNDA:0,(anonymous_1)
FNDA:0,(anonymous_2)
FNDA:0,(anonymous_3)
FNDA:0,(anonymous_4)
FNDA:0,(anonymous_5)
FNDA:0,(anonymous_6)
FNDA:0,(anonymous_7)
FNDA:0,(anonymous_8)
FNDA:0,(anonymous_9)
FNDA:0,(anonymous_10)
FNDA:0,(anonymous_11)
FNDA:0,(anonymous_12)
DA:20,0
DA:22,0
DA:23,0
DA:24,0
DA:25,0
DA:27,0
DA:34,0
DA:35,0
DA:36,0
DA:37,0
DA:38,0
DA:40,0
DA:42,0
DA:43,0
DA:45,0
DA:46,0
DA:47,0
DA:49,0
DA:50,0
DA:52,0
DA:54,0
DA:57,0
DA:58,0
DA:62,0
DA:63,0
DA:64,0
DA:65,0
DA:67,0
DA:68,0
DA:70,0
DA:71,0
DA:74,0
DA:76,0
DA:80,0
DA:81,0
DA:82,0
DA:83,0
DA:85,0
DA:89,0
DA:90,0
DA:91,0
DA:92,0
DA:94,0
DA:95,0
DA:98,0
DA:99,0
DA:102,0
DA:104,0
DA:105,0
DA:107,0
DA:111,0
DA:112,0
DA:113,0
DA:114,0
DA:115,0
DA:116,0
DA:117,0
DA:119,0
DA:121,0
DA:125,0
DA:126,0
DA:127,0
DA:129,0
DA:130,0
DA:131,0
DA:134,0
DA:135,0
DA:136,0
DA:139,0
DA:141,0
DA:142,0
DA:146,0
DA:147,0
DA:148,0
DA:152,0
DA:153,0
DA:154,0
DA:156,0
DA:157,0
DA:158,0
DA:161,0
DA:162,0
DA:163,0
DA:170,0
DA:175,0
DA:176,0
DA:180,0
DA:193,0
LF:88
LH:0
BRDA:24,0,0,0
BRDA:24,0,1,0
BRDA:47,1,0,0
BRDA:47,1,1,0
BRDA:49,2,0,0
BRDA:49,2,1,0
BRDA:68,3,0,0
BRDA:68,3,1,0
BRDA:70,4,0,0
BRDA:70,4,1,0
BRDA:94,5,0,0
BRDA:94,5,1,0
BRDA:98,6,0,0
BRDA:98,6,1,0
BRDA:104,7,0,0
BRDA:104,7,1,0
BRDA:129,8,0,0
BRDA:129,8,1,0
BRDA:134,9,0,0
BRDA:134,9,1,0
BRDA:147,10,0,0
BRDA:147,10,1,0
BRDA:156,11,0,0
BRDA:156,11,1,0
BRDA:161,12,0,0
BRDA:161,12,1,0
BRDA:161,13,0,0
BRDA:161,13,1,0
BRDA:162,14,0,0
BRDA:162,14,1,0
BRDA:165,15,0,0
BRDA:165,15,1,0
BRDA:171,16,0,0
BRDA:171,16,1,0
BRF:34
BRH:0
end_of_record
TN:
SF:services/auth.ts
FN:20,(anonymous_0)
FN:29,(anonymous_1)
FN:47,(anonymous_2)
FN:52,(anonymous_3)
FN:57,(anonymous_4)
FN:62,(anonymous_5)
FN:77,(anonymous_6)
FN:97,(anonymous_7)
FN:104,(anonymous_8)
FN:111,(anonymous_9)
FN:112,(anonymous_10)
FNF:11
FNH:10
FNDA:3,(anonymous_0)
FNDA:2,(anonymous_1)
FNDA:2,(anonymous_2)
FNDA:5,(anonymous_3)
FNDA:2,(anonymous_4)
FNDA:2,(anonymous_5)
FNDA:3,(anonymous_6)
FNDA:2,(anonymous_7)
FNDA:2,(anonymous_8)
FNDA:1,(anonymous_9)
FNDA:0,(anonymous_10)
DA:19,2
DA:21,3
DA:26,3
DA:30,2
DA:44,2
DA:48,2
DA:49,2
DA:53,5
DA:54,5
DA:58,2
DA:59,2
DA:63,2
DA:69,2
DA:70,1
DA:71,1
DA:74,1
DA:78,3
DA:79,3
DA:80,1
DA:83,2
DA:90,2
DA:91,1
DA:94,1
DA:98,2
DA:101,2
DA:105,2
DA:108,2
DA:112,1
DA:113,0
LF:29
LH:28
BRDA:26,0,0,3
BRDA:26,0,1,2
BRDA:44,1,0,2
BRDA:44,1,1,1
BRDA:69,2,0,1
BRDA:69,2,1,1
BRDA:79,3,0,1
BRDA:79,3,1,2
BRDA:90,4,0,1
BRDA:90,4,1,1
BRDA:113,5,0,0
BRDA:113,5,1,0
BRF:12
BRH:10
end_of_record
TN:
SF:services/biometric.ts
FN:7,(anonymous_0)
FN:14,(anonymous_1)
FN:25,(anonymous_2)
FN:35,(anonymous_3)
FN:40,(anonymous_4)
FNF:5
FNH:5
FNDA:3,(anonymous_0)
FNDA:4,(anonymous_1)
FNDA:4,(anonymous_2)
FNDA:3,(anonymous_3)
FNDA:2,(anonymous_4)
DA:4,1
DA:6,1
DA:8,3
DA:9,3
DA:10,2
DA:11,2
DA:15,4
DA:16,4
DA:17,2
DA:19,2
DA:20,1
DA:22,1
DA:26,4
DA:32,4
DA:36,3
DA:37,3
DA:41,2
DA:42,1
DA:44,1
LF:19
LH:19
BRDA:9,0,0,1
BRDA:9,0,1,2
BRDA:16,1,0,2
BRDA:16,1,1,2
BRDA:19,2,0,1
BRDA:19,2,1,1
BRDA:27,3,0,4
BRDA:27,3,1,3
BRDA:41,4,0,1
BRDA:41,4,1,1
BRF:10
BRH:10
end_of_record
TN:
SF:services/dues.ts
FN:5,(anonymous_0)
FN:16,(anonymous_1)
FN:33,(anonymous_2)
FN:53,(anonymous_3)
FNF:4
FNH:4
FNDA:3,(anonymous_0)
FNDA:3,(anonymous_1)
FNDA:3,(anonymous_2)
FNDA:3,(anonymous_3)
DA:4,1
DA:6,3
DA:8,3
DA:9,1
DA:10,1
DA:13,2
DA:17,3
DA:23,3
DA:24,1
DA:25,1
DA:28,2
DA:32,1
DA:34,3
DA:41,3
DA:42,2
DA:44,1
DA:46,1
DA:47,1
DA:50,1
DA:55,3
DA:61,3
DA:62,1
DA:63,1
DA:67,2
DA:73,2
DA:74,1
DA:75,1
DA:78,1
LF:28
LH:28
BRDA:8,0,0,1
BRDA:8,0,1,2
BRDA:13,1,0,2
BRDA:13,1,1,1
BRDA:23,2,0,1
BRDA:23,2,1,2
BRDA:28,3,0,2
BRDA:28,3,1,1
BRDA:41,4,0,2
BRDA:41,4,1,1
BRDA:42,5,0,1
BRDA:42,5,1,1
BRDA:61,6,0,1
BRDA:61,6,1,2
BRDA:73,7,0,1
BRDA:73,7,1,1
BRDA:80,8,0,1
BRDA:80,8,1,0
BRF:18
BRH:17
end_of_record
TN:
SF:services/notifications.ts
FN:8,(anonymous_0)
FN:18,(anonymous_1)
FN:51,(anonymous_2)
FN:69,(anonymous_3)
FN:85,(anonymous_4)
FN:91,(anonymous_5)
FNF:6
FNH:5
FNDA:0,(anonymous_0)
FNDA:4,(anonymous_1)
FNDA:2,(anonymous_2)
FNDA:2,(anonymous_3)
FNDA:1,(anonymous_4)
FNDA:1,(anonymous_5)
DA:7,1
DA:8,0
DA:17,1
DA:19,4
DA:20,1
DA:21,1
DA:24,3
DA:25,3
DA:27,3
DA:28,2
DA:29,2
DA:32,3
DA:33,1
DA:36,2
DA:37,0
DA:44,2
DA:48,2
DA:52,2
DA:64,2
DA:65,1
DA:70,2
DA:71,2
DA:75,1
DA:88,1
DA:94,1
LF:25
LH:23
BRDA:19,0,0,1
BRDA:19,0,1,3
BRDA:27,1,0,2
BRDA:27,1,1,1
BRDA:32,2,0,1
BRDA:32,2,1,2
BRDA:36,3,0,0
BRDA:36,3,1,2
BRDA:64,4,0,1
BRDA:64,4,1,1
BRF:10
BRH:9
end_of_record
TN:
SF:services/payments.ts
FN:7,(anonymous_0)
FN:55,(anonymous_1)
FNF:2
FNH:2
FNDA:7,(anonymous_0)
FNDA:3,(anonymous_1)
DA:4,1
DA:6,1
DA:12,7
DA:14,7
DA:15,1
DA:18,6
DA:19,6
DA:32,5
DA:34,5
DA:35,2
DA:38,3
DA:50,1
DA:51,1
DA:56,3
DA:57,3
DA:63,3
DA:64,1
DA:65,1
DA:68,2
DA:70,0
DA:71,0
LF:21
LH:19
BRDA:10,0,0,6
BRDA:14,1,0,1
BRDA:14,1,1,6
BRDA:34,2,0,2
BRDA:34,2,1,3
BRDA:35,3,0,2
BRDA:35,3,1,1
BRDA:63,4,0,1
BRDA:63,4,1,2
BRDA:68,5,0,2
BRDA:68,5,1,1
BRF:11
BRH:11
end_of_record
TN:
SF:services/reimbursement.ts
FN:5,(anonymous_0)
FN:29,(anonymous_1)
FN:51,(anonymous_2)
FNF:3
FNH:3
FNDA:3,(anonymous_0)
FNDA:2,(anonymous_1)
FNDA:3,(anonymous_2)
DA:4,1
DA:6,3
DA:7,3
DA:9,3
DA:10,3
DA:11,3
DA:13,3
DA:20,3
DA:22,2
DA:26,2
DA:41,2
DA:47,2
DA:48,1
DA:52,3
DA:53,3
DA:55,2
DA:61,2
DA:62,2
LF:18
LH:18
BRDA:6,0,0,3
BRDA:6,0,1,0
BRDA:16,1,0,3
BRDA:16,1,1,0
BRDA:20,2,0,1
BRDA:20,2,1,2
BRDA:47,3,0,1
BRDA:47,3,1,1
BRDA:53,4,0,1
BRDA:53,4,1,2
BRDA:61,5,0,0
BRDA:61,5,1,2
BRDA:62,6,0,2
BRDA:62,6,1,1
BRF:14
BRH:11
end_of_record
TN:
SF:services/supabase.ts
FN:6,(anonymous_0)
FN:9,(anonymous_1)
FN:12,(anonymous_2)
FNF:3
FNH:0
FNDA:0,(anonymous_0)
FNDA:0,(anonymous_1)
FNDA:0,(anonymous_2)
DA:5,0
DA:7,0
DA:10,0
DA:13,0
DA:17,0
DA:18,0
DA:20,0
DA:21,0
DA:24,0
LF:9
LH:0
BRDA:20,0,0,0
BRDA:20,0,1,0
BRDA:20,1,0,0
BRDA:20,1,1,0
BRF:4
BRH:0
end_of_record
TN:
SF:utils/format.ts
FN:1,(anonymous_0)
FN:8,(anonymous_1)
FN:17,(anonymous_2)
FN:26,(anonymous_3)
FN:34,(anonymous_4)
FN:40,(anonymous_5)
FN:55,(anonymous_6)
FNF:7
FNH:7
FNDA:5,(anonymous_0)
FNDA:2,(anonymous_1)
FNDA:1,(anonymous_2)
FNDA:7,(anonymous_3)
FNDA:4,(anonymous_4)
FNDA:8,(anonymous_5)
FNDA:3,(anonymous_6)
DA:1,1
DA:2,5
DA:8,1
DA:9,2
DA:10,2
DA:17,1
DA:18,1
DA:19,1
DA:26,1
DA:27,7
DA:28,5
DA:29,5
DA:30,4
DA:31,3
DA:34,1
DA:35,4
DA:36,2
DA:37,2
DA:40,1
DA:41,8
DA:43,7
DA:52,7
DA:55,1
DA:56,3
DA:57,3
DA:58,3
LF:26
LH:26
BRDA:27,0,0,2
BRDA:27,0,1,5
BRDA:29,1,0,1
BRDA:29,1,1,4
BRDA:30,2,0,1
BRDA:30,2,1,3
BRDA:35,3,0,2
BRDA:35,3,1,2
BRDA:37,4,0,2
BRDA:37,4,1,0
BRDA:41,5,0,1
BRDA:41,5,1,7
BRDA:52,6,0,7
BRDA:52,6,1,1
BRF:14
BRH:13
end_of_record
